<?xml version="1.0" encoding="UTF-8"?>
<testng-results ignored="0" total="1" passed="1" failed="0" skipped="0">
  <reporter-output>
  </reporter-output>
  <suite started-at="2021-01-08T12:42:36 IST" name="Default suite" finished-at="2021-01-08T12:42:54 IST" duration-ms="17332">
    <groups>
      <group name="cucumber">
        <method signature="AbstractTestNGCucumberTests.feature(cucumber.api.testng.CucumberFeatureWrapper)[pri:0, instance:Runner.TestRunner@57d7f8ca]" name="feature" class="cucumber.api.testng.AbstractTestNGCucumberTests"/>
      </group> <!-- cucumber -->
    </groups>
    <test started-at="2021-01-08T12:42:36 IST" name="Default test" finished-at="2021-01-08T12:42:54 IST" duration-ms="17332">
      <class name="Runner.TestRunner">
        <test-method is-config="true" signature="setUpClass()[pri:0, instance:Runner.TestRunner@57d7f8ca]" started-at="2021-01-08T12:42:36 IST" name="setUpClass" finished-at="2021-01-08T12:42:37 IST" duration-ms="265" status="PASS">
          <reporter-output>
          </reporter-output>
        </test-method> <!-- setUpClass -->
        <test-method signature="feature(cucumber.api.testng.CucumberFeatureWrapper)[pri:0, instance:Runner.TestRunner@57d7f8ca]" started-at="2021-01-08T12:42:37 IST" name="feature" description="Runs Cucumber Feature" data-provider="features" finished-at="2021-01-08T12:42:53 IST" duration-ms="16578" status="PASS">
          <params>
            <param index="0">
              <value>
                <![CDATA[Mobile Calculator Application]]>
              </value>
            </param>
          </params>
          <reporter-output>
          </reporter-output>
        </test-method> <!-- feature -->
        <test-method is-config="true" signature="writeExtentReport()[pri:0, instance:Runner.TestRunner@57d7f8ca]" started-at="2021-01-08T12:42:53 IST" name="writeExtentReport" finished-at="2021-01-08T12:42:53 IST" duration-ms="5" status="PASS">
          <reporter-output>
          </reporter-output>
        </test-method> <!-- writeExtentReport -->
        <test-method is-config="true" signature="tearDownClass()[pri:0, instance:Runner.TestRunner@57d7f8ca]" started-at="2021-01-08T12:42:53 IST" name="tearDownClass" finished-at="2021-01-08T12:42:54 IST" duration-ms="362" status="PASS">
          <reporter-output>
          </reporter-output>
        </test-method> <!-- tearDownClass -->
      </class> <!-- Runner.TestRunner -->
    </test> <!-- Default test -->
  </suite> <!-- Default suite -->
</testng-results>
